<?xml version="1.0" encoding="UTF-8"?>
<!-- Generated by org.testng.reporters.JUnitReportReporter -->
<testsuite hostname="LAPTOP-8LIABL0B" failures="0" tests="3" name="cucumber.Options.TestRunner" time="7.200" errors="0" timestamp="2025-06-08T16:07:48 IST" skipped="0">
  <testcase classname="cucumber.Options.TestRunner" name="runScenario" time="1.607"/>
  <testcase classname="cucumber.Options.TestRunner" name="runScenario" time="2.085"/>
  <testcase classname="cucumber.Options.TestRunner" name="runScenario" time="3.508"/>
</testsuite> <!-- cucumber.Options.TestRunner -->
