<?xml version="1.0" encoding="UTF-8"?>
<!-- Generated by org.testng.reporters.JUnitReportReporter -->
<testsuite hostname="LAPTOP-8LIABL0B" failures="0" tests="1" name="cucumber.Options.TestRunner" time="2.319" errors="0" timestamp="2025-05-29T00:25:47 IST" skipped="0">
  <testcase classname="cucumber.Options.TestRunner" name="runScenario" time="2.319"/>
</testsuite> <!-- cucumber.Options.TestRunner -->
