<?xml version="1.0" encoding="UTF-8"?>
<!-- Generated by org.testng.reporters.JUnitReportReporter -->
<testsuite hostname="LAPTOP-8LIABL0B" failures="0" tests="1" name="googleMapsAPITest.AddTestExternal" time="1.504" errors="0" timestamp="2025-04-29T00:04:08 IST" skipped="0">
  <testcase classname="googleMapsAPITest.AddTestExternal" name="addAPITest" time="1.504"/>
</testsuite> <!-- googleMapsAPITest.AddTestExternal -->
