<?xml version="1.0" encoding="UTF-8"?>
<!-- Generated by org.testng.reporters.JUnitReportReporter -->
<testsuite hostname="LAPTOP-8LIABL0B" failures="0" tests="6" name="libraryAPITest.DynamicJson" time="2.234" errors="0" timestamp="2025-04-28T23:31:53 IST" skipped="0">
  <testcase classname="libraryAPITest.DynamicJson" name="addBook" time="0.134"/>
  <testcase classname="libraryAPITest.DynamicJson" name="delBook" time="0.128"/>
  <testcase classname="libraryAPITest.DynamicJson" name="addBook" time="0.395"/>
  <testcase classname="libraryAPITest.DynamicJson" name="addBook" time="1.337"/>
  <testcase classname="libraryAPITest.DynamicJson" name="delBook" time="0.115"/>
  <testcase classname="libraryAPITest.DynamicJson" name="delBook" time="0.125"/>
</testsuite> <!-- libraryAPITest.DynamicJson -->
