<?xml version="1.0" encoding="UTF-8"?>
<!-- Generated by org.testng.reporters.JUnitReportReporter -->
<testsuite hostname="LAPTOP-8LIABL0B" failures="0" tests="1" name="googleMapsAPITest.AddTest" time="1.385" errors="0" timestamp="2025-04-26T11:10:18 IST" skipped="0">
  <testcase classname="googleMapsAPITest.AddTest" name="addAPITest" time="1.385"/>
</testsuite> <!-- googleMapsAPITest.AddTest -->
