<?xml version="1.0" encoding="UTF-8"?>
<!-- Generated by org.testng.reporters.JUnitReportReporter -->
<testsuite hostname="LAPTOP-8LIABL0B" failures="0" tests="1" name="googleMapsAPITest.NestedTest" time="5.486" errors="0" timestamp="2025-04-26T14:29:41 IST" skipped="0">
  <testcase classname="googleMapsAPITest.NestedTest" name="nestedAPITest" time="5.486"/>
</testsuite> <!-- googleMapsAPITest.NestedTest -->
