<?xml version="1.0" encoding="UTF-8"?>
<!-- Generated by org.testng.reporters.JUnitReportReporter -->
<testsuite hostname="LAPTOP-8LIABL0B" failures="0" tests="1" name="googleMapsAPI_Serialization.AddPlaceAPI" time="1.652" errors="0" timestamp="2025-05-07T22:53:21 IST" skipped="0">
  <testcase classname="googleMapsAPI_Serialization.AddPlaceAPI" name="addPlaceSerialization" time="1.652"/>
</testsuite> <!-- googleMapsAPI_Serialization.AddPlaceAPI -->
