<?xml version="1.0" encoding="UTF-8"?>
<!-- Generated by org.testng.reporters.JUnitReportReporter -->
<testsuite hostname="LAPTOP-8LIABL0B" failures="0" tests="1" name="googleMapsAPITest.ComplexJsonParse" time="1.066" errors="0" timestamp="2025-04-26T17:11:27 IST" skipped="0">
  <testcase classname="googleMapsAPITest.ComplexJsonParse" name="parseJson" time="1.066"/>
</testsuite> <!-- googleMapsAPITest.ComplexJsonParse -->
