<?xml version="1.0" encoding="UTF-8"?>
<!-- Generated by org.testng.reporters.JUnitReportReporter -->
<testsuite hostname="LAPTOP-8LIABL0B" failures="0" tests="1" name="tests.GetCourseDetails" time="2.001" errors="0" timestamp="2025-05-05T07:48:40 IST" skipped="0">
  <testcase classname="tests.GetCourseDetails" name="getCourseDetails" time="2.001"/>
</testsuite> <!-- tests.GetCourseDetails -->
