<?xml version="1.0" encoding="UTF-8"?>
<!-- Generated by org.testng.reporters.JUnitReportReporter -->
<testsuite hostname="LAPTOP-8LIABL0B" failures="0" tests="1" name="tests.E2E_Test" time="3.007" errors="0" timestamp="2025-05-24T23:24:39 IST" skipped="0">
  <testcase classname="tests.E2E_Test" name="endToEnd_Test" time="3.007"/>
</testsuite> <!-- tests.E2E_Test -->
