<?xml version="1.0" encoding="UTF-8"?>
<!-- Generated by org.testng.reporters.JUnitReportReporter -->
<testsuite hostname="LAPTOP-8LIABL0B" failures="0" tests="1" name="tests.AddScreenshotToIssue" time="3.001" errors="0" timestamp="2025-05-01T15:00:26 IST" skipped="0">
  <testcase classname="tests.AddScreenshotToIssue" name="addScreenshotTest" time="3.001"/>
</testsuite> <!-- tests.AddScreenshotToIssue -->
