<?xml version="1.0" encoding="UTF-8"?>
<!-- Generated by org.testng.reporters.JUnitReportReporter -->
<testsuite hostname="LAPTOP-8LIABL0B" failures="0" tests="1" name="tests.AdditionOfIssue" time="2.516" errors="0" timestamp="2025-05-01T14:45:38 IST" skipped="0">
  <testcase classname="tests.AdditionOfIssue" name="addIssue" time="2.516"/>
</testsuite> <!-- tests.AdditionOfIssue -->
